c:\users\dasha\desktop\bitmap2\bitmap\debug\vc141.pdb
c:\users\dasha\desktop\bitmap2\bitmap\debug\vc141.idb
c:\users\dasha\desktop\bitmap2\bitmap\debug\stdafx.obj
c:\users\dasha\desktop\bitmap2\bitmap\debug\bitmap.obj
c:\users\dasha\desktop\bitmap2\bitmap\debug\.netframework,version=v4.0.assemblyattributes.obj
c:\users\dasha\desktop\bitmap2\bitmap\debug\.netframework,version=v4.0.assemblyattributes.asm
c:\users\dasha\desktop\bitmap2\debug\bitmap.exe
c:\users\dasha\desktop\bitmap2\debug\bitmap.ilk
c:\users\dasha\desktop\bitmap2\debug\bitmap.pdb
c:\users\dasha\desktop\bitmap2\bitmap\debug\bitmap.vcxprojassemblyreference.cache
c:\users\dasha\desktop\bitmap2\bitmap\debug\bitmap.obj.enc
c:\users\dasha\desktop\bitmap2\bitmap\debug\bitmap.tlog\cl.command.1.tlog
c:\users\dasha\desktop\bitmap2\bitmap\debug\bitmap.tlog\cl.read.1.tlog
c:\users\dasha\desktop\bitmap2\bitmap\debug\bitmap.tlog\cl.write.1.tlog
c:\users\dasha\desktop\bitmap2\bitmap\debug\bitmap.tlog\link.command.1.tlog
c:\users\dasha\desktop\bitmap2\bitmap\debug\bitmap.tlog\link.delete.1.tlog
c:\users\dasha\desktop\bitmap2\bitmap\debug\bitmap.tlog\link.read.1.tlog
c:\users\dasha\desktop\bitmap2\bitmap\debug\bitmap.tlog\link.write.1.tlog
c:\users\dasha\desktop\bitmap2\bitmap\debug\bitmap.tlog\metagen.read.1.tlog
c:\users\dasha\desktop\bitmap2\bitmap\debug\bitmap.tlog\metagen.write.1.tlog
c:\users\dasha\desktop\bitmap2\bitmap\debug\bitmap.tlog\tzres.dll.bi
